<?xml version="1.0" encoding="UTF-8"?>
<testng-results skipped="0" failed="0" ignored="0" total="4" passed="4">
  <reporter-output>
  </reporter-output>
  <suite name="search-module" duration-ms="53051" started-at="2020-05-21T14:03:11 GMT" finished-at="2020-05-21T14:04:04 GMT">
    <groups>
    </groups>
    <test name="search-test-java" duration-ms="15474" started-at="2020-05-21T14:03:11 GMT" finished-at="2020-05-21T14:03:26 GMT">
      <class name="com.searchmodule.tests.SearchTest">
        <test-method status="PASS" signature="setupDriver(org.testng.ITestContext)[pri:0, instance:com.searchmodule.tests.SearchTest@3c09711b]" name="setupDriver" is-config="true" duration-ms="5337" started-at="2020-05-21T14:03:11 GMT" finished-at="2020-05-21T14:03:16 GMT">
          <params>
            <param index="0">
              <value>
                <![CDATA[org.testng.TestRunner@177bea38]]>
              </value>
            </param>
          </params>
          <reporter-output>
          </reporter-output>
        </test-method> <!-- setupDriver -->
        <test-method status="PASS" signature="search(java.lang.String)[pri:0, instance:com.searchmodule.tests.SearchTest@3c09711b]" name="search" duration-ms="9172" started-at="2020-05-21T14:03:16 GMT" finished-at="2020-05-21T14:03:26 GMT">
          <params>
            <param index="0">
              <value>
                <![CDATA[java]]>
              </value>
            </param>
          </params>
          <reporter-output>
          </reporter-output>
        </test-method> <!-- search -->
        <test-method status="PASS" signature="quitDriver()[pri:0, instance:com.searchmodule.tests.SearchTest@3c09711b]" name="quitDriver" is-config="true" duration-ms="871" started-at="2020-05-21T14:03:26 GMT" finished-at="2020-05-21T14:03:26 GMT">
          <reporter-output>
          </reporter-output>
        </test-method> <!-- quitDriver -->
      </class> <!-- com.searchmodule.tests.SearchTest -->
    </test> <!-- search-test-java -->
    <test name="search-test-webdriver" duration-ms="12143" started-at="2020-05-21T14:03:27 GMT" finished-at="2020-05-21T14:03:39 GMT">
      <class name="com.searchmodule.tests.SearchTest">
        <test-method status="PASS" signature="setupDriver(org.testng.ITestContext)[pri:0, instance:com.searchmodule.tests.SearchTest@23ceabc1]" name="setupDriver" is-config="true" duration-ms="3160" started-at="2020-05-21T14:03:27 GMT" finished-at="2020-05-21T14:03:30 GMT">
          <params>
            <param index="0">
              <value>
                <![CDATA[org.testng.TestRunner@7f132176]]>
              </value>
            </param>
          </params>
          <reporter-output>
          </reporter-output>
        </test-method> <!-- setupDriver -->
        <test-method status="PASS" signature="search(java.lang.String)[pri:0, instance:com.searchmodule.tests.SearchTest@23ceabc1]" name="search" duration-ms="7852" started-at="2020-05-21T14:03:30 GMT" finished-at="2020-05-21T14:03:38 GMT">
          <params>
            <param index="0">
              <value>
                <![CDATA[webdriver]]>
              </value>
            </param>
          </params>
          <reporter-output>
          </reporter-output>
        </test-method> <!-- search -->
        <test-method status="PASS" signature="quitDriver()[pri:0, instance:com.searchmodule.tests.SearchTest@23ceabc1]" name="quitDriver" is-config="true" duration-ms="1130" started-at="2020-05-21T14:03:38 GMT" finished-at="2020-05-21T14:03:39 GMT">
          <reporter-output>
          </reporter-output>
        </test-method> <!-- quitDriver -->
      </class> <!-- com.searchmodule.tests.SearchTest -->
    </test> <!-- search-test-webdriver -->
    <test name="search-test-docker" duration-ms="13455" started-at="2020-05-21T14:03:39 GMT" finished-at="2020-05-21T14:03:52 GMT">
      <class name="com.searchmodule.tests.SearchTest">
        <test-method status="PASS" signature="setupDriver(org.testng.ITestContext)[pri:0, instance:com.searchmodule.tests.SearchTest@643b1d11]" name="setupDriver" is-config="true" duration-ms="3161" started-at="2020-05-21T14:03:39 GMT" finished-at="2020-05-21T14:03:42 GMT">
          <params>
            <param index="0">
              <value>
                <![CDATA[org.testng.TestRunner@6bca7e0d]]>
              </value>
            </param>
          </params>
          <reporter-output>
          </reporter-output>
        </test-method> <!-- setupDriver -->
        <test-method status="PASS" signature="search(java.lang.String)[pri:0, instance:com.searchmodule.tests.SearchTest@643b1d11]" name="search" duration-ms="9333" started-at="2020-05-21T14:03:42 GMT" finished-at="2020-05-21T14:03:51 GMT">
          <params>
            <param index="0">
              <value>
                <![CDATA[docker]]>
              </value>
            </param>
          </params>
          <reporter-output>
          </reporter-output>
        </test-method> <!-- search -->
        <test-method status="PASS" signature="quitDriver()[pri:0, instance:com.searchmodule.tests.SearchTest@643b1d11]" name="quitDriver" is-config="true" duration-ms="956" started-at="2020-05-21T14:03:51 GMT" finished-at="2020-05-21T14:03:52 GMT">
          <reporter-output>
          </reporter-output>
        </test-method> <!-- quitDriver -->
      </class> <!-- com.searchmodule.tests.SearchTest -->
    </test> <!-- search-test-docker -->
    <test name="search-test-kubernetes" duration-ms="11748" started-at="2020-05-21T14:03:52 GMT" finished-at="2020-05-21T14:04:04 GMT">
      <class name="com.searchmodule.tests.SearchTest">
        <test-method status="PASS" signature="setupDriver(org.testng.ITestContext)[pri:0, instance:com.searchmodule.tests.SearchTest@396a51ab]" name="setupDriver" is-config="true" duration-ms="3114" started-at="2020-05-21T14:03:52 GMT" finished-at="2020-05-21T14:03:55 GMT">
          <params>
            <param index="0">
              <value>
                <![CDATA[org.testng.TestRunner@2631f68c]]>
              </value>
            </param>
          </params>
          <reporter-output>
          </reporter-output>
        </test-method> <!-- setupDriver -->
        <test-method status="PASS" signature="search(java.lang.String)[pri:0, instance:com.searchmodule.tests.SearchTest@396a51ab]" name="search" duration-ms="7275" started-at="2020-05-21T14:03:55 GMT" finished-at="2020-05-21T14:04:03 GMT">
          <params>
            <param index="0">
              <value>
                <![CDATA[kubernetes]]>
              </value>
            </param>
          </params>
          <reporter-output>
          </reporter-output>
        </test-method> <!-- search -->
        <test-method status="PASS" signature="quitDriver()[pri:0, instance:com.searchmodule.tests.SearchTest@396a51ab]" name="quitDriver" is-config="true" duration-ms="1357" started-at="2020-05-21T14:04:03 GMT" finished-at="2020-05-21T14:04:04 GMT">
          <reporter-output>
          </reporter-output>
        </test-method> <!-- quitDriver -->
      </class> <!-- com.searchmodule.tests.SearchTest -->
    </test> <!-- search-test-kubernetes -->
  </suite> <!-- search-module -->
</testng-results>
